41 - INFO - The Application started successfully
44 - INFO - Browsing the files
102 - INFO - Components have been chosen successfully
102 - INFO - Components have been chosen successfully
114 - INFO -  Sliders changed
126 - INFO - MIXED images was selected
135 - INFO - First mixer component was selected 
166 - INFO - Output slot was selected 
166 - INFO - Output slot was selected 
168 - INFO - second mixer component was selected 
169 - INFO - MIXING DONE 
114 - INFO -  Sliders changed
126 - INFO - MIXED images was selected
135 - INFO - First mixer component was selected 
166 - INFO - Output slot was selected 
166 - INFO - Output slot was selected 
168 - INFO - second mixer component was selected 
169 - INFO - MIXING DONE 
114 - INFO -  Sliders changed
126 - INFO - MIXED images was selected
135 - INFO - First mixer component was selected 
166 - INFO - Output slot was selected 
166 - INFO - Output slot was selected 
168 - INFO - second mixer component was selected 
169 - INFO - MIXING DONE 
114 - INFO -  Sliders changed
126 - INFO - MIXED images was selected
135 - INFO - First mixer component was selected 
166 - INFO - Output slot was selected 
166 - INFO - Output slot was selected 
168 - INFO - second mixer component was selected 
169 - INFO - MIXING DONE 
114 - INFO -  Sliders changed
126 - INFO - MIXED images was selected
135 - INFO - First mixer component was selected 
166 - INFO - Output slot was selected 
166 - INFO - Output slot was selected 
168 - INFO - second mixer component was selected 
169 - INFO - MIXING DONE 
114 - INFO -  Sliders changed
126 - INFO - MIXED images was selected
135 - INFO - First mixer component was selected 
166 - INFO - Output slot was selected 
166 - INFO - Output slot was selected 
168 - INFO - second mixer component was selected 
169 - INFO - MIXING DONE 
114 - INFO -  Sliders changed
126 - INFO - MIXED images was selected
135 - INFO - First mixer component was selected 
166 - INFO - Output slot was selected 
166 - INFO - Output slot was selected 
168 - INFO - second mixer component was selected 
169 - INFO - MIXING DONE 
114 - INFO -  Sliders changed
126 - INFO - MIXED images was selected
135 - INFO - First mixer component was selected 
166 - INFO - Output slot was selected 
166 - INFO - Output slot was selected 
168 - INFO - second mixer component was selected 
169 - INFO - MIXING DONE 
114 - INFO -  Sliders changed
126 - INFO - MIXED images was selected
135 - INFO - First mixer component was selected 
166 - INFO - Output slot was selected 
166 - INFO - Output slot was selected 
168 - INFO - second mixer component was selected 
169 - INFO - MIXING DONE 
114 - INFO -  Sliders changed
126 - INFO - MIXED images was selected
135 - INFO - First mixer component was selected 
166 - INFO - Output slot was selected 
166 - INFO - Output slot was selected 
168 - INFO - second mixer component was selected 
169 - INFO - MIXING DONE 
114 - INFO -  Sliders changed
126 - INFO - MIXED images was selected
135 - INFO - First mixer component was selected 
166 - INFO - Output slot was selected 
166 - INFO - Output slot was selected 
168 - INFO - second mixer component was selected 
169 - INFO - MIXING DONE 
114 - INFO -  Sliders changed
126 - INFO - MIXED images was selected
135 - INFO - First mixer component was selected 
166 - INFO - Output slot was selected 
166 - INFO - Output slot was selected 
168 - INFO - second mixer component was selected 
169 - INFO - MIXING DONE 
114 - INFO -  Sliders changed
126 - INFO - MIXED images was selected
135 - INFO - First mixer component was selected 
166 - INFO - Output slot was selected 
166 - INFO - Output slot was selected 
168 - INFO - second mixer component was selected 
169 - INFO - MIXING DONE 
114 - INFO -  Sliders changed
126 - INFO - MIXED images was selected
135 - INFO - First mixer component was selected 
166 - INFO - Output slot was selected 
166 - INFO - Output slot was selected 
168 - INFO - second mixer component was selected 
169 - INFO - MIXING DONE 
114 - INFO -  Sliders changed
126 - INFO - MIXED images was selected
135 - INFO - First mixer component was selected 
166 - INFO - Output slot was selected 
166 - INFO - Output slot was selected 
168 - INFO - second mixer component was selected 
169 - INFO - MIXING DONE 
114 - INFO -  Sliders changed
126 - INFO - MIXED images was selected
135 - INFO - First mixer component was selected 
166 - INFO - Output slot was selected 
166 - INFO - Output slot was selected 
168 - INFO - second mixer component was selected 
169 - INFO - MIXING DONE 
114 - INFO -  Sliders changed
126 - INFO - MIXED images was selected
135 - INFO - First mixer component was selected 
166 - INFO - Output slot was selected 
166 - INFO - Output slot was selected 
168 - INFO - second mixer component was selected 
169 - INFO - MIXING DONE 
114 - INFO -  Sliders changed
126 - INFO - MIXED images was selected
135 - INFO - First mixer component was selected 
166 - INFO - Output slot was selected 
166 - INFO - Output slot was selected 
168 - INFO - second mixer component was selected 
169 - INFO - MIXING DONE 
114 - INFO -  Sliders changed
126 - INFO - MIXED images was selected
135 - INFO - First mixer component was selected 
166 - INFO - Output slot was selected 
166 - INFO - Output slot was selected 
168 - INFO - second mixer component was selected 
169 - INFO - MIXING DONE 
114 - INFO -  Sliders changed
126 - INFO - MIXED images was selected
135 - INFO - First mixer component was selected 
166 - INFO - Output slot was selected 
166 - INFO - Output slot was selected 
168 - INFO - second mixer component was selected 
169 - INFO - MIXING DONE 
114 - INFO -  Sliders changed
126 - INFO - MIXED images was selected
135 - INFO - First mixer component was selected 
166 - INFO - Output slot was selected 
166 - INFO - Output slot was selected 
168 - INFO - second mixer component was selected 
169 - INFO - MIXING DONE 
114 - INFO -  Sliders changed
126 - INFO - MIXED images was selected
135 - INFO - First mixer component was selected 
166 - INFO - Output slot was selected 
166 - INFO - Output slot was selected 
168 - INFO - second mixer component was selected 
169 - INFO - MIXING DONE 
114 - INFO -  Sliders changed
126 - INFO - MIXED images was selected
135 - INFO - First mixer component was selected 
166 - INFO - Output slot was selected 
166 - INFO - Output slot was selected 
168 - INFO - second mixer component was selected 
169 - INFO - MIXING DONE 
114 - INFO -  Sliders changed
126 - INFO - MIXED images was selected
135 - INFO - First mixer component was selected 
166 - INFO - Output slot was selected 
166 - INFO - Output slot was selected 
168 - INFO - second mixer component was selected 
169 - INFO - MIXING DONE 
114 - INFO -  Sliders changed
126 - INFO - MIXED images was selected
135 - INFO - First mixer component was selected 
166 - INFO - Output slot was selected 
166 - INFO - Output slot was selected 
168 - INFO - second mixer component was selected 
169 - INFO - MIXING DONE 
114 - INFO -  Sliders changed
126 - INFO - MIXED images was selected
135 - INFO - First mixer component was selected 
166 - INFO - Output slot was selected 
166 - INFO - Output slot was selected 
168 - INFO - second mixer component was selected 
169 - INFO - MIXING DONE 
114 - INFO -  Sliders changed
126 - INFO - MIXED images was selected
135 - INFO - First mixer component was selected 
166 - INFO - Output slot was selected 
166 - INFO - Output slot was selected 
168 - INFO - second mixer component was selected 
169 - INFO - MIXING DONE 
114 - INFO -  Sliders changed
126 - INFO - MIXED images was selected
135 - INFO - First mixer component was selected 
166 - INFO - Output slot was selected 
166 - INFO - Output slot was selected 
168 - INFO - second mixer component was selected 
169 - INFO - MIXING DONE 
114 - INFO -  Sliders changed
126 - INFO - MIXED images was selected
135 - INFO - First mixer component was selected 
166 - INFO - Output slot was selected 
166 - INFO - Output slot was selected 
168 - INFO - second mixer component was selected 
169 - INFO - MIXING DONE 
114 - INFO -  Sliders changed
126 - INFO - MIXED images was selected
135 - INFO - First mixer component was selected 
166 - INFO - Output slot was selected 
166 - INFO - Output slot was selected 
168 - INFO - second mixer component was selected 
169 - INFO - MIXING DONE 
114 - INFO -  Sliders changed
126 - INFO - MIXED images was selected
135 - INFO - First mixer component was selected 
166 - INFO - Output slot was selected 
166 - INFO - Output slot was selected 
168 - INFO - second mixer component was selected 
169 - INFO - MIXING DONE 
114 - INFO -  Sliders changed
126 - INFO - MIXED images was selected
135 - INFO - First mixer component was selected 
166 - INFO - Output slot was selected 
166 - INFO - Output slot was selected 
168 - INFO - second mixer component was selected 
169 - INFO - MIXING DONE 
114 - INFO -  Sliders changed
126 - INFO - MIXED images was selected
135 - INFO - First mixer component was selected 
166 - INFO - Output slot was selected 
166 - INFO - Output slot was selected 
168 - INFO - second mixer component was selected 
169 - INFO - MIXING DONE 
114 - INFO -  Sliders changed
126 - INFO - MIXED images was selected
135 - INFO - First mixer component was selected 
166 - INFO - Output slot was selected 
166 - INFO - Output slot was selected 
168 - INFO - second mixer component was selected 
169 - INFO - MIXING DONE 
114 - INFO -  Sliders changed
126 - INFO - MIXED images was selected
135 - INFO - First mixer component was selected 
166 - INFO - Output slot was selected 
166 - INFO - Output slot was selected 
168 - INFO - second mixer component was selected 
169 - INFO - MIXING DONE 
114 - INFO -  Sliders changed
126 - INFO - MIXED images was selected
135 - INFO - First mixer component was selected 
166 - INFO - Output slot was selected 
166 - INFO - Output slot was selected 
168 - INFO - second mixer component was selected 
169 - INFO - MIXING DONE 
114 - INFO -  Sliders changed
126 - INFO - MIXED images was selected
135 - INFO - First mixer component was selected 
166 - INFO - Output slot was selected 
166 - INFO - Output slot was selected 
168 - INFO - second mixer component was selected 
169 - INFO - MIXING DONE 
114 - INFO -  Sliders changed
126 - INFO - MIXED images was selected
135 - INFO - First mixer component was selected 
166 - INFO - Output slot was selected 
166 - INFO - Output slot was selected 
168 - INFO - second mixer component was selected 
169 - INFO - MIXING DONE 
114 - INFO -  Sliders changed
126 - INFO - MIXED images was selected
135 - INFO - First mixer component was selected 
166 - INFO - Output slot was selected 
166 - INFO - Output slot was selected 
168 - INFO - second mixer component was selected 
169 - INFO - MIXING DONE 
114 - INFO -  Sliders changed
126 - INFO - MIXED images was selected
135 - INFO - First mixer component was selected 
166 - INFO - Output slot was selected 
166 - INFO - Output slot was selected 
168 - INFO - second mixer component was selected 
169 - INFO - MIXING DONE 
114 - INFO -  Sliders changed
126 - INFO - MIXED images was selected
135 - INFO - First mixer component was selected 
166 - INFO - Output slot was selected 
166 - INFO - Output slot was selected 
168 - INFO - second mixer component was selected 
169 - INFO - MIXING DONE 
114 - INFO -  Sliders changed
126 - INFO - MIXED images was selected
135 - INFO - First mixer component was selected 
166 - INFO - Output slot was selected 
166 - INFO - Output slot was selected 
168 - INFO - second mixer component was selected 
169 - INFO - MIXING DONE 
114 - INFO -  Sliders changed
126 - INFO - MIXED images was selected
135 - INFO - First mixer component was selected 
166 - INFO - Output slot was selected 
166 - INFO - Output slot was selected 
168 - INFO - second mixer component was selected 
169 - INFO - MIXING DONE 
114 - INFO -  Sliders changed
126 - INFO - MIXED images was selected
135 - INFO - First mixer component was selected 
166 - INFO - Output slot was selected 
166 - INFO - Output slot was selected 
168 - INFO - second mixer component was selected 
169 - INFO - MIXING DONE 
114 - INFO -  Sliders changed
126 - INFO - MIXED images was selected
135 - INFO - First mixer component was selected 
166 - INFO - Output slot was selected 
166 - INFO - Output slot was selected 
168 - INFO - second mixer component was selected 
169 - INFO - MIXING DONE 
114 - INFO -  Sliders changed
126 - INFO - MIXED images was selected
135 - INFO - First mixer component was selected 
166 - INFO - Output slot was selected 
166 - INFO - Output slot was selected 
168 - INFO - second mixer component was selected 
169 - INFO - MIXING DONE 
114 - INFO -  Sliders changed
126 - INFO - MIXED images was selected
135 - INFO - First mixer component was selected 
166 - INFO - Output slot was selected 
166 - INFO - Output slot was selected 
168 - INFO - second mixer component was selected 
169 - INFO - MIXING DONE 
114 - INFO -  Sliders changed
126 - INFO - MIXED images was selected
135 - INFO - First mixer component was selected 
166 - INFO - Output slot was selected 
166 - INFO - Output slot was selected 
168 - INFO - second mixer component was selected 
169 - INFO - MIXING DONE 
114 - INFO -  Sliders changed
126 - INFO - MIXED images was selected
135 - INFO - First mixer component was selected 
166 - INFO - Output slot was selected 
166 - INFO - Output slot was selected 
168 - INFO - second mixer component was selected 
169 - INFO - MIXING DONE 
114 - INFO -  Sliders changed
126 - INFO - MIXED images was selected
135 - INFO - First mixer component was selected 
166 - INFO - Output slot was selected 
166 - INFO - Output slot was selected 
168 - INFO - second mixer component was selected 
169 - INFO - MIXING DONE 
114 - INFO -  Sliders changed
126 - INFO - MIXED images was selected
135 - INFO - First mixer component was selected 
166 - INFO - Output slot was selected 
166 - INFO - Output slot was selected 
168 - INFO - second mixer component was selected 
169 - INFO - MIXING DONE 
114 - INFO -  Sliders changed
126 - INFO - MIXED images was selected
135 - INFO - First mixer component was selected 
166 - INFO - Output slot was selected 
166 - INFO - Output slot was selected 
168 - INFO - second mixer component was selected 
169 - INFO - MIXING DONE 
114 - INFO -  Sliders changed
126 - INFO - MIXED images was selected
135 - INFO - First mixer component was selected 
166 - INFO - Output slot was selected 
166 - INFO - Output slot was selected 
168 - INFO - second mixer component was selected 
169 - INFO - MIXING DONE 
114 - INFO -  Sliders changed
126 - INFO - MIXED images was selected
135 - INFO - First mixer component was selected 
166 - INFO - Output slot was selected 
166 - INFO - Output slot was selected 
168 - INFO - second mixer component was selected 
169 - INFO - MIXING DONE 
